<?xml version="1.0" encoding="UTF-8"?>
<!-- Generated by org.testng.reporters.JUnitXMLReporter -->
<testsuite ignored="0" hostname="HYDL-001259A" failures="0" tests="7" name="chrome Test" time="118.306" errors="0" timestamp="2025-11-19T17:56:51 IST">
  <testcase classname="mrs.ci_openmrs.testcase.AdminLoginTC" name="inpatientLogin" time="1.621"/>
  <testcase classname="mrs.ci_openmrs.testcase.AdminLoginTC" name="invalidLogin" time="1.003"/>
  <testcase classname="mrs.ci_openmrs.testcase.AdminLoginTC" name="isolationWardLogin" time="1.83"/>
  <testcase classname="mrs.ci_openmrs.testcase.AdminLoginTC" name="laboratoryLogin" time="1.775"/>
  <testcase classname="mrs.ci_openmrs.testcase.AdminLoginTC" name="outPatietClinicLogin" time="1.776"/>
  <testcase classname="mrs.ci_openmrs.testcase.AdminLoginTC" name="pharmacyLogin" time="4.083"/>
  <testcase classname="mrs.ci_openmrs.testcase.AdminLoginTC" name="registrationDeskLogin" time="1.501"/>
</testsuite> <!-- chrome Test -->
