<?xml version="1.0" encoding="UTF-8"?>
<testsuite xmlns:xsi="http://www.w3.org/2001/XMLSchema-instance" xsi:noNamespaceSchemaLocation="https://maven.apache.org/surefire/maven-surefire-plugin/xsd/surefire-test-report.xsd" version="3.0.1" name="TestSuite" time="9.864" tests="1" errors="0" skipped="0" failures="0">
  <properties>
[...]
</properties>
  <testcase name="adminValidLogin[admin, Admin123](1)" classname="mrs.ci_openmrs.testcase.AdminLoginTC" time="1.693">
    <system-out><![CDATA[Suite started Suite
Screenshot saved: E:\Selenium\CI Openmrs\ci-openmrs/test-output/screenshots/adminValidLogin_20251119_131410.png
]]></system-out>
    <system-err><![CDATA[[TestNG-test-chrome Test-1] INFO io.github.bonigarcia.wdm.WebDriverManager - Using chromedriver 142.0.7444.175 (resolved driver for Chrome 142)
[TestNG-test-chrome Test-1] INFO io.github.bonigarcia.wdm.WebDriverManager - Exporting webdriver.chrome.driver as C:\Users\Azeem.Azhar\.cache\selenium\chromedriver\win64\142.0.7444.175\chromedriver.exe
Nov 19, 2025 1:14:02 PM org.openqa.selenium.devtools.CdpVersionFinder findNearestMatch
WARNING: Unable to find an exact match for CDP version 142, returning the closest version; found: 139; Please update to a Selenium version that supports CDP version 142
]]></system-err>
  </testcase>
</testsuite>