<?xml version="1.0" encoding="UTF-8"?>
<!-- Generated by org.testng.reporters.JUnitReportReporter -->
<testsuite hostname="HYDL-001259A" failures="0" tests="7" name="mrs.ci_openmrs.testcase.AdminLoginTC" time="117.462" errors="0" timestamp="2025-11-19T17:56:52 IST" skipped="0">
  <testcase classname="mrs.ci_openmrs.testcase.AdminLoginTC" name="isolationWardLogin" time="9.714"/>
  <testcase classname="mrs.ci_openmrs.testcase.AdminLoginTC" name="laboratoryLogin" time="9.280"/>
  <testcase classname="mrs.ci_openmrs.testcase.AdminLoginTC" name="pharmacyLogin" time="10.026"/>
  <testcase classname="mrs.ci_openmrs.testcase.AdminLoginTC" name="inpatientLogin" time="8.212"/>
  <testcase classname="mrs.ci_openmrs.testcase.AdminLoginTC" name="outPatietClinicLogin" time="7.710"/>
  <testcase classname="mrs.ci_openmrs.testcase.AdminLoginTC" name="invalidLogin" time="7.532"/>
  <testcase classname="mrs.ci_openmrs.testcase.AdminLoginTC" name="registrationDeskLogin" time="64.988"/>
</testsuite> <!-- mrs.ci_openmrs.testcase.AdminLoginTC -->
